{"level":"info","message":"exported of content-type completed"}
{"level":"info","message":"exported of content-type completed"}
{"level":"info","message":"Data exporting has been completed"}
{"level":"info","message":"exported of content-type completed"}
{"level":"info","message":"exported entry successfully of premium"}
{"level":"info","message":"Data exporting has been completed"}
{"level":"info","message":"exported of content-type completed"}
{"level":"info","message":"asset already present 'https___img_static_kl_com_images_media_8bd0e88c_287e_467f_b17d048b3f16f38e'"}
{"level":"info","message":"asset already present 'https___img_static_kl_com_images_media_8bd0e88c_287e_467f_b17d048b3f16f38e'"}
{"level":"info","message":"asset already present 'https___img_static_kl_com_images_media_8281a8af_2a96_4a81_915c44b9650dff33'"}
{"level":"info","message":"asset already present 'https___img_static_kl_com_images_media_8bd0e88c_287e_467f_b17d048b3f16f38e'"}
{"level":"info","message":"asset already present 'https___img_static_kl_com_images_media_b70dafa5_3efa_40c6_9776d7c596d66563'"}
{"level":"info","message":"asset already present 'https___img_static_kl_com_images_media_8281a8af_2a96_4a81_915c44b9650dff33'"}
{"level":"info","message":"asset already present 'https___img_static_kl_com_images_media_8bd0e88c_287e_467f_b17d048b3f16f38e'"}
{"level":"info","message":"asset already present 'https___img_static_kl_com_images_media_62fb9746_933c_4182_94553ddbe014d07e'"}
{"level":"info","message":"asset already present 'https___img_static_kl_com_images_media_b70dafa5_3efa_40c6_9776d7c596d66563'"}
{"level":"info","message":"asset already present 'https___img_static_kl_com_images_media_8281a8af_2a96_4a81_915c44b9650dff33'"}
{"level":"info","message":"asset already present 'https___img_static_kl_com_images_media_8bd0e88c_287e_467f_b17d048b3f16f38e'"}
{"level":"info","message":"asset already present 'https___img_static_kl_com_images_media_62fb9746_933c_4182_94553ddbe014d07e'"}
{"level":"info","message":"asset already present 'https___img_static_kl_com_images_media_b70dafa5_3efa_40c6_9776d7c596d66563'"}
{"level":"info","message":"asset already present 'https___img_static_kl_com_images_media_8281a8af_2a96_4a81_915c44b9650dff33'"}
{"level":"info","message":"asset already present 'https___img_static_kl_com_images_media_acf48e45_ca7d_48e2_a669818be668898f'"}
{"level":"info","message":"asset already present 'https___img_static_kl_com_images_media_8bd0e88c_287e_467f_b17d048b3f16f38e'"}
{"level":"info","message":"asset already present 'https___img_static_kl_com_images_media_62fb9746_933c_4182_94553ddbe014d07e'"}
{"level":"info","message":"asset already present 'https___img_static_kl_com_images_media_614784ad_c9ab_4c4b_aa78105d35a82603'"}
{"level":"info","message":"asset already present 'https___img_static_kl_com_images_media_b70dafa5_3efa_40c6_9776d7c596d66563'"}
{"level":"info","message":"asset already present 'https___img_static_kl_com_images_media_8281a8af_2a96_4a81_915c44b9650dff33'"}
{"level":"info","message":"asset already present 'https___img_static_kl_com_images_media_acf48e45_ca7d_48e2_a669818be668898f'"}
{"level":"info","message":"asset already present 'https___img_static_kl_com_images_media_8bd0e88c_287e_467f_b17d048b3f16f38e'"}
{"level":"info","message":"asset already present 'https___img_static_kl_com_images_media_62fb9746_933c_4182_94553ddbe014d07e'"}
{"level":"info","message":"asset already present 'https___img_static_kl_com_images_media_614784ad_c9ab_4c4b_aa78105d35a82603'"}
{"level":"info","message":"asset already present 'https___img_static_kl_com_images_media_b70dafa5_3efa_40c6_9776d7c596d66563'"}
{"level":"info","message":"asset already present 'https___img_static_kl_com_images_media_8281a8af_2a96_4a81_915c44b9650dff33'"}
{"level":"info","message":"asset already present 'https___img_static_kl_com_images_media_acf48e45_ca7d_48e2_a669818be668898f'"}
{"level":"info","message":"asset already present 'https___img_static_kl_com_images_media_35d4d761_4dc4_4620_9935bda1f6724256'"}
{"level":"info","message":"asset already present 'https___img_static_kl_com_images_media_8bd0e88c_287e_467f_b17d048b3f16f38e'"}
{"level":"info","message":"asset already present 'https___img_static_kl_com_images_media_62fb9746_933c_4182_94553ddbe014d07e'"}
{"level":"info","message":"asset already present 'https___img_static_kl_com_images_media_614784ad_c9ab_4c4b_aa78105d35a82603'"}
{"level":"info","message":"asset already present 'https___img_static_kl_com_images_media_b70dafa5_3efa_40c6_9776d7c596d66563'"}
{"level":"info","message":"asset already present 'https___img_static_kl_com_images_media_4220be09_03d3_4ee4_8b77a5febe9928a6'"}
{"level":"info","message":"asset already present 'https___img_static_kl_com_images_media_8281a8af_2a96_4a81_915c44b9650dff33'"}
{"level":"info","message":"asset already present 'https___img_static_kl_com_images_media_acf48e45_ca7d_48e2_a669818be668898f'"}
{"level":"info","message":"asset already present 'https___img_static_kl_com_images_media_35d4d761_4dc4_4620_9935bda1f6724256'"}
{"level":"info","message":"asset already present 'https___img_static_kl_com_images_media_8bd0e88c_287e_467f_b17d048b3f16f38e'"}
{"level":"info","message":"asset already present 'https___img_static_kl_com_images_media_78248bc8_56ae_4299_a5e865ccc5d78d9e'"}
{"level":"info","message":"asset already present 'https___img_static_kl_com_images_media_62fb9746_933c_4182_94553ddbe014d07e'"}
{"level":"info","message":"asset already present 'https___img_static_kl_com_images_media_614784ad_c9ab_4c4b_aa78105d35a82603'"}
{"level":"info","message":"asset already present 'https___img_static_kl_com_images_media_b70dafa5_3efa_40c6_9776d7c596d66563'"}
{"level":"info","message":"asset already present 'https___img_static_kl_com_images_media_4220be09_03d3_4ee4_8b77a5febe9928a6'"}
{"level":"info","message":"asset already present 'https___img_static_kl_com_images_media_8281a8af_2a96_4a81_915c44b9650dff33'"}
{"level":"info","message":"asset already present 'https___img_static_kl_com_images_media_acf48e45_ca7d_48e2_a669818be668898f'"}
{"level":"info","message":"asset already present 'https___img_static_kl_com_images_media_35d4d761_4dc4_4620_9935bda1f6724256'"}
{"level":"info","message":"exported of content-type completed"}
{"level":"info","message":"exported entry successfully of premium"}
{"level":"info","message":"Data exporting has been completed"}
{"level":"info","message":"exported of content-type completed"}
{"level":"info","message":"exported entry successfully of card"}
{"level":"info","message":"exported entry successfully of premium"}
{"level":"info","message":"Data exporting has been completed"}
{"level":"info","message":"exported of content-type completed"}
{"level":"info","message":"exported entry successfully of card"}
{"level":"info","message":"exported entry successfully of quotes"}
{"level":"info","message":"exported entry successfully of premium"}
{"level":"info","message":"Data exporting has been completed"}
{"level":"info","message":"exported of content-type completed"}
{"level":"info","message":"exported entry successfully of card"}
{"level":"info","message":"exported entry successfully of quotes"}
{"level":"info","message":"exported entry successfully of premium"}
{"level":"info","message":"Data exporting has been completed"}
{"level":"info","message":"exported of content-type completed"}
{"level":"info","message":"exported entry successfully of card"}
{"level":"info","message":"exported entry successfully of quotes"}
{"level":"info","message":"exported entry successfully of premium"}
{"level":"info","message":"Data exporting has been completed"}
{"level":"info","message":"exported of content-type completed"}
{"level":"info","message":"exported entry successfully of card"}
{"level":"info","message":"exported entry successfully of quotes"}
{"level":"info","message":"exported entry successfully of premium"}
{"level":"info","message":"Data exporting has been completed"}
{"level":"info","message":"exported of content-type completed"}
{"level":"info","message":"exported entry successfully of card"}
{"level":"info","message":"exported entry successfully of quotes"}
{"level":"info","message":"exported entry successfully of premium"}
{"level":"info","message":"Data exporting has been completed"}
{"level":"info","message":"exported of content-type completed"}
{"level":"info","message":"exported entry successfully of card"}
{"level":"info","message":"exported entry successfully of quotes"}
{"level":"info","message":"exported of content-type completed"}
{"level":"info","message":"exported entry successfully of card"}
{"level":"info","message":"exported entry successfully of quotes"}
{"level":"info","message":"exported entry successfully of premium"}
{"level":"info","message":"Data exporting has been completed"}
{"level":"info","message":"exported of content-type completed"}
{"level":"info","message":"exported entry successfully of card"}
{"level":"info","message":"exported entry successfully of quotes"}
{"level":"info","message":"exported entry successfully of premium"}
{"level":"info","message":"Data exporting has been completed"}
{"level":"info","message":"exported of content-type completed"}
{"level":"info","message":"exported entry successfully of card"}
{"level":"info","message":"exported entry successfully of quotes"}
{"level":"info","message":"exported entry successfully of premium"}
{"level":"info","message":"Data exporting has been completed"}
{"level":"info","message":"exported of content-type completed"}
{"level":"info","message":"exported entry successfully of card"}
{"level":"info","message":"exported entry successfully of quotes"}
{"level":"info","message":"exported entry successfully of premium"}
{"level":"info","message":"Data exporting has been completed"}
{"level":"info","message":"exported of content-type completed"}
{"level":"info","message":"exported entry successfully of card"}
{"level":"info","message":"exported entry successfully of quotes"}
{"level":"info","message":"exported entry successfully of premium"}
{"level":"info","message":"Data exporting has been completed"}
{"level":"info","message":"exported of content-type completed"}
{"level":"info","message":"exported entry successfully of card"}
{"level":"info","message":"exported entry successfully of quotes"}
{"level":"info","message":"exported entry successfully of premium"}
{"level":"info","message":"Data exporting has been completed"}
{"level":"info","message":"exported of content-type completed"}
{"level":"info","message":"exported entry successfully of card"}
{"level":"info","message":"exported entry successfully of quotes"}
{"level":"info","message":"exported entry successfully of premium"}
{"level":"info","message":"Data exporting has been completed"}
{"level":"info","message":"exported of content-type completed"}
{"level":"info","message":"exported entry successfully of card"}
{"level":"info","message":"exported entry successfully of quotes"}
{"level":"info","message":"exported entry successfully of premium"}
{"level":"info","message":"Data exporting has been completed"}
{"level":"info","message":"exported of content-type completed"}
{"level":"info","message":"exported entry successfully of card"}
{"level":"info","message":"exported entry successfully of quotes"}
{"level":"info","message":"exported entry successfully of premium"}
{"level":"info","message":"Data exporting has been completed"}
{"level":"info","message":"exported of content-type completed"}
{"level":"info","message":"exported entry successfully of card"}
{"level":"info","message":"exported entry successfully of quotes"}
{"level":"info","message":"exported entry successfully of premium"}
{"level":"info","message":"Data exporting has been completed"}
{"level":"info","message":"exported of content-type completed"}
{"level":"info","message":"exported entry successfully of card"}
{"level":"info","message":"exported entry successfully of quotes"}
{"level":"info","message":"exported entry successfully of premium"}
{"level":"info","message":"Data exporting has been completed"}
{"level":"info","message":"exported of content-type completed"}
{"level":"info","message":"exported entry successfully of card"}
{"level":"info","message":"exported entry successfully of quotes"}
{"level":"info","message":"exported entry successfully of premium"}
{"level":"info","message":"Data exporting has been completed"}
{"level":"info","message":"exported of content-type completed"}
{"level":"info","message":"exported entry successfully of card"}
{"level":"info","message":"exported entry successfully of quotes"}
{"level":"info","message":"exported entry successfully of premium"}
{"level":"info","message":"Data exporting has been completed"}
{"level":"info","message":"exported of content-type completed"}
{"level":"info","message":"exported entry successfully of card"}
{"level":"info","message":"exported entry successfully of quotes"}
{"level":"info","message":"exported entry successfully of premium"}
{"level":"info","message":"Data exporting has been completed"}
{"level":"info","message":"exported of content-type completed"}
{"level":"info","message":"exported entry successfully of card"}
{"level":"info","message":"exported entry successfully of quotes"}
{"level":"info","message":"exported entry successfully of premium"}
{"level":"info","message":"Data exporting has been completed"}
{"level":"info","message":"exported of content-type completed"}
{"level":"info","message":"exported entry successfully of card"}
{"level":"info","message":"exported entry successfully of quotes"}
{"level":"info","message":"exported entry successfully of premium"}
{"level":"info","message":"Data exporting has been completed"}
{"level":"info","message":"exported of content-type completed"}
{"level":"info","message":"exported entry successfully of card"}
{"level":"info","message":"exported entry successfully of quotes"}
{"level":"info","message":"exported entry successfully of premium"}
{"level":"info","message":"Data exporting has been completed"}
{"level":"info","message":"exported of content-type completed"}
{"level":"info","message":"exported entry successfully of card"}
{"level":"info","message":"exported entry successfully of quotes"}
{"level":"info","message":"exported entry successfully of premium"}
{"level":"info","message":"Data exporting has been completed"}
{"level":"info","message":"exported of content-type completed"}
{"level":"info","message":"exported entry successfully of card"}
{"level":"info","message":"exported entry successfully of quotes"}
{"level":"info","message":"exported entry successfully of premium"}
{"level":"info","message":"Data exporting has been completed"}
{"level":"info","message":"exported of content-type completed"}
{"level":"info","message":"exported entry successfully of card"}
{"level":"info","message":"exported entry successfully of quotes"}
{"level":"info","message":"exported entry successfully of premium"}
{"level":"info","message":"Data exporting has been completed"}
{"level":"info","message":"exported of content-type completed"}
{"level":"info","message":"exported entry successfully of card"}
{"level":"info","message":"exported entry successfully of quotes"}
{"level":"info","message":"exported entry successfully of premium"}
{"level":"info","message":"Data exporting has been completed"}
{"level":"info","message":"exported of content-type completed"}
{"level":"info","message":"exported entry successfully of card"}
{"level":"info","message":"exported entry successfully of quotes"}
{"level":"info","message":"exported of content-type completed"}
{"level":"info","message":"exported entry successfully of card"}
{"level":"info","message":"exported entry successfully of quotes"}
{"level":"info","message":"exported entry successfully of premium"}
{"level":"info","message":"Data exporting has been completed"}
{"level":"info","message":"exported of content-type completed"}
{"level":"info","message":"exported entry successfully of card"}
{"level":"info","message":"exported entry successfully of quotes"}
{"level":"info","message":"exported entry successfully of premium"}
{"level":"info","message":"Data exporting has been completed"}
{"level":"info","message":"exported of content-type completed"}
{"level":"info","message":"exported entry successfully of card"}
{"level":"info","message":"exported entry successfully of quotes"}
{"level":"info","message":"exported entry successfully of premium"}
{"level":"info","message":"Data exporting has been completed"}
{"level":"info","message":"exported of content-type completed"}
{"level":"info","message":"exported entry successfully of card"}
{"level":"info","message":"exported entry successfully of quotes"}
{"level":"info","message":"exported entry successfully of premium"}
{"level":"info","message":"Data exporting has been completed"}
{"level":"info","message":"exported of content-type completed"}
{"level":"info","message":"exported entry successfully of card"}
{"level":"info","message":"exported entry successfully of quotes"}
{"level":"info","message":"exported entry successfully of premium"}
{"level":"info","message":"Data exporting has been completed"}
{"level":"info","message":"exported of content-type completed"}
{"level":"info","message":"exported entry successfully of card"}
{"level":"info","message":"exported entry successfully of quotes"}
{"level":"info","message":"exported entry successfully of premium"}
{"level":"info","message":"Data exporting has been completed"}
{"level":"info","message":"exported of content-type completed"}
{"level":"info","message":"exported entry successfully of card"}
{"level":"info","message":"exported entry successfully of quotes"}
{"level":"info","message":"exported entry successfully of premium"}
{"level":"info","message":"Data exporting has been completed"}
{"level":"info","message":"exported of content-type completed"}
{"level":"info","message":"exported entry successfully of card"}
{"level":"info","message":"exported entry successfully of quotes"}
{"level":"info","message":"exported entry successfully of premium"}
{"level":"info","message":"Data exporting has been completed"}
{"level":"info","message":"exported of content-type completed"}
{"level":"info","message":"exported entry successfully of card"}
{"level":"info","message":"exported entry successfully of quotes"}
{"level":"info","message":"exported entry successfully of premium"}
{"level":"info","message":"Data exporting has been completed"}
{"level":"info","message":"exported of content-type completed"}
{"level":"info","message":"exported entry successfully of card"}
{"level":"info","message":"exported entry successfully of quotes"}
{"level":"info","message":"exported entry successfully of premium"}
{"level":"info","message":"Data exporting has been completed"}
{"level":"info","message":"exported of content-type completed"}
{"level":"info","message":"exported entry successfully of card"}
{"level":"info","message":"exported entry successfully of quotes"}
{"level":"info","message":"exported entry successfully of premium"}
{"level":"info","message":"Data exporting has been completed"}
{"level":"info","message":"exported of content-type completed"}
{"level":"info","message":"exported entry successfully of card"}
{"level":"info","message":"exported entry successfully of quotes"}
{"level":"info","message":"exported entry successfully of premium"}
{"level":"info","message":"Data exporting has been completed"}
{"level":"info","message":"exported of content-type completed"}
{"level":"info","message":"exported entry successfully of card"}
{"level":"info","message":"exported entry successfully of quotes"}
{"level":"info","message":"exported entry successfully of premium"}
{"level":"info","message":"Data exporting has been completed"}
{"level":"info","message":"exported of content-type completed"}
{"level":"info","message":"exported entry successfully of card"}
{"level":"info","message":"exported entry successfully of quotes"}
{"level":"info","message":"exported entry successfully of premium"}
{"level":"info","message":"Data exporting has been completed"}
{"level":"info","message":"exported of content-type completed"}
{"level":"info","message":"exported entry successfully of card"}
{"level":"info","message":"exported entry successfully of quotes"}
{"level":"info","message":"exported entry successfully of premium"}
{"level":"info","message":"Data exporting has been completed"}
{"level":"info","message":"exported of content-type completed"}
{"level":"info","message":"exported entry successfully of card"}
{"level":"info","message":"exported entry successfully of quotes"}
{"level":"info","message":"exported entry successfully of premium"}
{"level":"info","message":"Data exporting has been completed"}
{"level":"info","message":"exported of content-type completed"}
{"level":"info","message":"exported entry successfully of card"}
{"level":"info","message":"exported entry successfully of quotes"}
{"level":"info","message":"exported entry successfully of premium"}
{"level":"info","message":"Data exporting has been completed"}
{"level":"info","message":"exported of content-type completed"}
{"level":"info","message":"exported entry successfully of card"}
{"level":"info","message":"exported entry successfully of quotes"}
{"level":"info","message":"exported entry successfully of premium"}
{"level":"info","message":"Data exporting has been completed"}
{"level":"info","message":"exported of content-type completed"}
{"level":"info","message":"exported entry successfully of card"}
{"level":"info","message":"exported entry successfully of quotes"}
{"level":"info","message":"exported entry successfully of premium"}
{"level":"info","message":"Data exporting has been completed"}
{"level":"info","message":"exported of content-type completed"}
{"level":"info","message":"exported entry successfully of card"}
{"level":"info","message":"exported entry successfully of quotes"}
{"level":"info","message":"exported entry successfully of premium"}
{"level":"info","message":"Data exporting has been completed"}
{"level":"info","message":"exported of content-type completed"}
{"level":"info","message":"exported entry successfully of card"}
{"level":"info","message":"exported entry successfully of quotes"}
{"level":"info","message":"exported entry successfully of premium"}
{"level":"info","message":"Data exporting has been completed"}
{"level":"info","message":"exported of content-type completed"}
{"level":"info","message":"exported of global-fields completed"}
{"level":"info","message":"exported entry successfully of card"}
{"level":"info","message":"exported entry successfully of quotes"}
{"level":"info","message":"exported entry successfully of premium"}
{"level":"info","message":"Data exporting has been completed"}
{"level":"info","message":"export of content-type completed"}
{"level":"info","message":"export of global-fields completed"}
{"level":"info","message":"exported entry successfully of card"}
{"level":"info","message":"exported entry successfully of quotes"}
{"level":"info","message":"exported entry successfully of premium"}
{"level":"info","message":"Data exporting has been completed"}
{"level":"info","message":"export of content-type completed"}
{"level":"info","message":"export of global-fields completed"}
{"level":"info","message":"exported entry successfully of card"}
{"level":"info","message":"exported entry successfully of quotes"}
{"level":"info","message":"exported entry successfully of premium"}
{"level":"info","message":"Data exporting has been completed"}
{"level":"info","message":"export of content-type completed"}
{"level":"info","message":"export of global-fields completed"}
{"level":"info","message":"exported entry successfully of card"}
{"level":"info","message":"exported entry successfully of quotes"}
{"level":"info","message":"exported entry successfully of premium"}
{"level":"info","message":"Data exporting has been completed"}
{"level":"info","message":"export of content-type completed"}
{"level":"info","message":"export of global-fields completed"}
{"level":"info","message":"exported entry successfully of card"}
{"level":"info","message":"exported entry successfully of quotes"}
{"level":"info","message":"exported entry successfully of premium"}
{"level":"info","message":"Data exporting has been completed"}
{"level":"info","message":"export of content-type completed"}
{"level":"info","message":"export of global-fields completed"}
{"level":"info","message":"exported entry successfully of card"}
{"level":"info","message":"exported entry successfully of quotes"}
{"level":"info","message":"exported entry successfully of premium"}
{"level":"info","message":"Data exporting has been completed"}
{"level":"info","message":"export of content-type completed"}
{"level":"info","message":"export of global-fields completed"}
{"level":"info","message":"export of content-type completed"}
{"level":"info","message":"export of global-fields completed"}
{"level":"info","message":"export of content-type completed"}
{"level":"info","message":"export of global-fields completed"}
{"level":"info","message":"exported entry successfully of card"}
{"level":"info","message":"exported entry successfully of quotes"}
{"level":"info","message":"exported entry successfully of premium"}
{"level":"info","message":"Data exporting has been completed"}
{"level":"info","message":"export of content-type completed"}
{"level":"info","message":"export of global-fields completed"}
{"level":"info","message":"exported entry successfully of card"}
{"level":"info","message":"exported entry successfully of quotes"}
{"level":"info","message":"exported entry successfully of premium"}
{"level":"info","message":"Data exporting has been completed"}
{"level":"info","message":"export of content-type completed"}
{"level":"info","message":"export of global-fields completed"}
{"level":"info","message":"exported entry successfully of card"}
{"level":"info","message":"exported entry successfully of quotes"}
{"level":"info","message":"exported entry successfully of premium"}
{"level":"info","message":"Data exporting has been completed"}
